<?xml version="1.0" encoding="UTF-8"?>
<!-- Generated by org.testng.reporters.JUnitReportReporter -->
<testsuite hostname="LTIN266153" failures="0" tests="12" name="testCase.TC_001_CourseTest" time="387.756" errors="0" timestamp="2024-03-20T12:28:33 IST" skipped="0">
  <testcase classname="testCase.TC_001_CourseTest" name="validate_home_page" time="0.342"/>
  <testcase classname="testCase.TC_001_CourseTest" name="validate_home_page" time="0.150"/>
  <testcase classname="testCase.TC_001_CourseTest" name="validate_course_search" time="46.215"/>
  <testcase classname="testCase.TC_001_CourseTest" name="validate_course_search" time="100.618"/>
  <testcase classname="testCase.TC_001_CourseTest" name="validate_language" time="4.539"/>
  <testcase classname="testCase.TC_001_CourseTest" name="validate_language" time="4.655"/>
  <testcase classname="testCase.TC_001_CourseTest" name="validate_level" time="4.837"/>
  <testcase classname="testCase.TC_001_CourseTest" name="validate_level" time="4.703"/>
  <testcase classname="testCase.TC_001_CourseTest" name="validate_course1" time="63.787"/>
  <testcase classname="testCase.TC_001_CourseTest" name="validate_course1" time="52.206"/>
  <testcase classname="testCase.TC_001_CourseTest" name="validate_course2" time="55.225"/>
  <testcase classname="testCase.TC_001_CourseTest" name="validate_course2" time="50.479"/>
</testsuite> <!-- testCase.TC_001_CourseTest -->
