<?xml version="1.0" encoding="UTF-8"?>
<!-- Generated by org.testng.reporters.JUnitReportReporter -->
<testsuite hostname="LTIN266153" failures="0" tests="6" name="testCase.TC_002_Languagele" time="22.914" errors="0" timestamp="2024-03-20T12:28:33 IST" skipped="0">
  <testcase classname="testCase.TC_002_Languagele" name="validate_language_learning_search" time="4.475"/>
  <testcase classname="testCase.TC_002_Languagele" name="validate_language_learning_search" time="8.509"/>
  <testcase classname="testCase.TC_002_Languagele" name="validate_language" time="4.581"/>
  <testcase classname="testCase.TC_002_Languagele" name="validate_language" time="3.528"/>
  <testcase classname="testCase.TC_002_Languagele" name="validate_level" time="0.847"/>
  <testcase classname="testCase.TC_002_Languagele" name="validate_level" time="0.974"/>
</testsuite> <!-- testCase.TC_002_Languagele -->
