<?xml version="1.0" encoding="UTF-8"?>
<!-- Generated by org.testng.reporters.JUnitReportReporter -->
<testsuite hostname="LTIN266153" failures="0" tests="24" name="testCase.TC_003_FillingFormTest" time="422.599" errors="0" timestamp="2024-03-20T12:28:33 IST" skipped="0">
  <testcase classname="testCase.TC_003_FillingFormTest" name="verify_coursera_page" time="125.472"/>
  <testcase classname="testCase.TC_003_FillingFormTest" name="verify_coursera_page" time="134.809"/>
  <testcase classname="testCase.TC_003_FillingFormTest" name="verify_enterprise_page" time="0.502"/>
  <testcase classname="testCase.TC_003_FillingFormTest" name="verify_enterprise_page" time="0.299"/>
  <testcase classname="testCase.TC_003_FillingFormTest" name="validate_first_name" time="1.201"/>
  <testcase classname="testCase.TC_003_FillingFormTest" name="validate_first_name" time="0.606"/>
  <testcase classname="testCase.TC_003_FillingFormTest" name="validate_last_name" time="0.647"/>
  <testcase classname="testCase.TC_003_FillingFormTest" name="validate_last_name" time="0.451"/>
  <testcase classname="testCase.TC_003_FillingFormTest" name="email" time="0.508"/>
  <testcase classname="testCase.TC_003_FillingFormTest" name="email" time="0.641"/>
  <testcase classname="testCase.TC_003_FillingFormTest" name="validate_institution_type" time="0.762"/>
  <testcase classname="testCase.TC_003_FillingFormTest" name="validate_institution_type" time="0.795"/>
  <testcase classname="testCase.TC_003_FillingFormTest" name="validate_institution_name" time="0.352"/>
  <testcase classname="testCase.TC_003_FillingFormTest" name="validate_institution_name" time="0.574"/>
  <testcase classname="testCase.TC_003_FillingFormTest" name="validate_job_role" time="1.049"/>
  <testcase classname="testCase.TC_003_FillingFormTest" name="validate_job_role" time="0.808"/>
  <testcase classname="testCase.TC_003_FillingFormTest" name="validate_department" time="6.963"/>
  <testcase classname="testCase.TC_003_FillingFormTest" name="validate_department" time="6.801"/>
  <testcase classname="testCase.TC_003_FillingFormTest" name="validate_description" time="3.650"/>
  <testcase classname="testCase.TC_003_FillingFormTest" name="validate_description" time="3.743"/>
  <testcase classname="testCase.TC_003_FillingFormTest" name="validate_country" time="60.847"/>
  <testcase classname="testCase.TC_003_FillingFormTest" name="validate_country" time="60.716"/>
  <testcase classname="testCase.TC_003_FillingFormTest" name="validate_input" time="4.513"/>
  <testcase classname="testCase.TC_003_FillingFormTest" name="validate_input" time="5.890"/>
</testsuite> <!-- testCase.TC_003_FillingFormTest -->
